<?xml version="1.0" encoding="UTF-8"?>
<testng-results ignored="1" total="3" passed="2" failed="0" skipped="0">
  <reporter-output>
  </reporter-output>
  <suite started-at="2022-10-20T15:43:38 PKT" name="Bank Loan" finished-at="2022-10-20T15:43:38 PKT" duration-ms="92">
    <groups>
    </groups>
    <test started-at="2022-10-20T15:43:38 PKT" name="Car Loan" finished-at="2022-10-20T15:43:38 PKT" duration-ms="33">
      <class name="Testngbasics.day2">
        <test-method signature="Carloan_Login()[pri:0, instance:Testngbasics.day2@2e1d27ba]" started-at="2022-10-20T15:43:38 PKT" name="Carloan_Login" finished-at="2022-10-20T15:43:38 PKT" duration-ms="5" status="PASS">
          <reporter-output>
          </reporter-output>
        </test-method> <!-- Carloan_Login -->
      </class> <!-- Testngbasics.day2 -->
    </test> <!-- Car Loan -->
    <test started-at="2022-10-20T15:43:38 PKT" name="Home Loan" finished-at="2022-10-20T15:43:38 PKT" duration-ms="3">
      <class name="Testngbasics.day1">
        <test-method signature="Homeloan()[pri:0, instance:Testngbasics.day1@57af006c]" started-at="2022-10-20T15:43:38 PKT" name="Homeloan" finished-at="2022-10-20T15:43:38 PKT" duration-ms="1" status="PASS">
          <reporter-output>
          </reporter-output>
        </test-method> <!-- Homeloan -->
      </class> <!-- Testngbasics.day1 -->
    </test> <!-- Home Loan -->
  </suite> <!-- Bank Loan -->
</testng-results>
