<?xml version="1.0" encoding="UTF-8"?>
<!-- Generated by org.testng.reporters.JUnitXMLReporter -->
<testsuite ignored="0" hostname="DESKTOP-89CLN84" failures="0" tests="3" name="Test" time="0.057" errors="0" timestamp="2022-10-20T13:28:17 PKT">
  <testcase classname="Testngbasics.day1" name="Homeloan" time="0.009"/>
  <testcase classname="Testngbasics.day2" name="Carloan_Home" time="0.001"/>
  <testcase classname="Testngbasics.day2" name="Carloan_Login" time="0.001"/>
</testsuite> <!-- Test -->
